<?xml version="1.0" encoding="UTF-8"?>
<!-- Generated by org.testng.reporters.JUnitXMLReporter -->
<testsuite hostname="admin-PC" ignored="0" name="QAClickHomePageTest" tests="1" failures="1" timestamp="2020-04-24T19:22:23 IST" time="19.666" errors="0">
  <testcase name="VerifyTitletext" time="0.287" classname="TestPackage.QAClickHomePageTest">
    <failure type="java.lang.AssertionError" message="expected [true] but found [false]">
      <![CDATA[java.lang.AssertionError: expected [true] but found [false]
at TestPackage.QAClickHomePageTest.VerifyTitletext(QAClickHomePageTest.java:33)
at java.util.ArrayList.forEach(ArrayList.java:1257)
... Removed 35 stack frames]]>
    </failure>
  </testcase> <!-- VerifyTitletext -->
</testsuite> <!-- QAClickHomePageTest -->
